
> edificio-admin@1.0.0 start
> node src/app.js

Servidor ejecutándose en http://localhost:3000
Error capturado: {
  message: 'ID inválido',
  stack: 'CastError: ID inválido\n' +
    '    at validateId (file:///home/admin/edificio-admin/src/middleware/error-handler.js:118:19)\n' +
    '    at getAnuncioById (file:///home/admin/edificio-admin/src/controllers/anuncios.controller.js:19:16)\n' +
    '    at Layer.handle [as handle_request] (/home/admin/edificio-admin/node_modules/express/lib/router/layer.js:95:5)\n' +
    '    at next (/home/admin/edificio-admin/node_modules/express/lib/router/route.js:149:13)\n' +
    '    at verifyToken (file:///home/admin/edificio-admin/src/middleware/auth.js:80:5)\n' +
    '    at Layer.handle [as handle_request] (/home/admin/edificio-admin/node_modules/express/lib/router/layer.js:95:5)\n' +
    '    at next (/home/admin/edificio-admin/node_modules/express/lib/router/route.js:149:13)\n' +
    '    at Route.dispatch (/home/admin/edificio-admin/node_modules/express/lib/router/route.js:119:3)\n' +
    '    at Layer.handle [as handle_request] (/home/admin/edificio-admin/node_modules/express/lib/router/layer.js:95:5)\n' +
    '    at /home/admin/edificio-admin/node_modules/express/lib/router/index.js:284:15',
  timestamp: '2025-10-30T20:25:16.154Z',
  name: 'CastError'
}
Error en getAnuncios: ID inválido
Error capturado: {
  message: 'ID inválido',
  stack: 'CastError: ID inválido\n' +
    '    at validateId (file:///home/admin/edificio-admin/src/middleware/error-handler.js:118:19)\n' +
    '    at getAnuncioById (file:///home/admin/edificio-admin/src/controllers/anuncios.controller.js:19:16)\n' +
    '    at Layer.handle [as handle_request] (/home/admin/edificio-admin/node_modules/express/lib/router/layer.js:95:5)\n' +
    '    at next (/home/admin/edificio-admin/node_modules/express/lib/router/route.js:149:13)\n' +
    '    at verifyToken (file:///home/admin/edificio-admin/src/middleware/auth.js:80:5)\n' +
    '    at Layer.handle [as handle_request] (/home/admin/edificio-admin/node_modules/express/lib/router/layer.js:95:5)\n' +
    '    at next (/home/admin/edificio-admin/node_modules/express/lib/router/route.js:149:13)\n' +
    '    at Route.dispatch (/home/admin/edificio-admin/node_modules/express/lib/router/route.js:119:3)\n' +
    '    at Layer.handle [as handle_request] (/home/admin/edificio-admin/node_modules/express/lib/router/layer.js:95:5)\n' +
    '    at /home/admin/edificio-admin/node_modules/express/lib/router/index.js:284:15',
  timestamp: '2025-10-30T20:31:25.993Z',
  name: 'CastError'
}
Error en getAnuncios: ID inválido
Error capturado: {
  message: 'ID inválido',
  stack: 'CastError: ID inválido\n' +
    '    at validateId (file:///home/admin/edificio-admin/src/middleware/error-handler.js:118:19)\n' +
    '    at getAnuncioById (file:///home/admin/edificio-admin/src/controllers/anuncios.controller.js:19:16)\n' +
    '    at Layer.handle [as handle_request] (/home/admin/edificio-admin/node_modules/express/lib/router/layer.js:95:5)\n' +
    '    at next (/home/admin/edificio-admin/node_modules/express/lib/router/route.js:149:13)\n' +
    '    at verifyToken (file:///home/admin/edificio-admin/src/middleware/auth.js:80:5)\n' +
    '    at Layer.handle [as handle_request] (/home/admin/edificio-admin/node_modules/express/lib/router/layer.js:95:5)\n' +
    '    at next (/home/admin/edificio-admin/node_modules/express/lib/router/route.js:149:13)\n' +
    '    at Route.dispatch (/home/admin/edificio-admin/node_modules/express/lib/router/route.js:119:3)\n' +
    '    at Layer.handle [as handle_request] (/home/admin/edificio-admin/node_modules/express/lib/router/layer.js:95:5)\n' +
    '    at /home/admin/edificio-admin/node_modules/express/lib/router/index.js:284:15',
  timestamp: '2025-10-30T20:32:10.173Z',
  name: 'CastError'
}
Error en getAnuncios: ID inválido
Error capturado: {
  message: 'ID inválido',
  stack: 'CastError: ID inválido\n' +
    '    at validateId (file:///home/admin/edificio-admin/src/middleware/error-handler.js:118:19)\n' +
    '    at getAnuncioById (file:///home/admin/edificio-admin/src/controllers/anuncios.controller.js:19:16)\n' +
    '    at Layer.handle [as handle_request] (/home/admin/edificio-admin/node_modules/express/lib/router/layer.js:95:5)\n' +
    '    at next (/home/admin/edificio-admin/node_modules/express/lib/router/route.js:149:13)\n' +
    '    at verifyToken (file:///home/admin/edificio-admin/src/middleware/auth.js:80:5)\n' +
    '    at Layer.handle [as handle_request] (/home/admin/edificio-admin/node_modules/express/lib/router/layer.js:95:5)\n' +
    '    at next (/home/admin/edificio-admin/node_modules/express/lib/router/route.js:149:13)\n' +
    '    at Route.dispatch (/home/admin/edificio-admin/node_modules/express/lib/router/route.js:119:3)\n' +
    '    at Layer.handle [as handle_request] (/home/admin/edificio-admin/node_modules/express/lib/router/layer.js:95:5)\n' +
    '    at /home/admin/edificio-admin/node_modules/express/lib/router/index.js:284:15',
  timestamp: '2025-10-30T21:42:44.734Z',
  name: 'CastError'
}
Error en getAnuncios: ID inválido
Error capturado: {
  message: 'ID inválido',
  stack: 'CastError: ID inválido\n' +
    '    at validateId (file:///home/admin/edificio-admin/src/middleware/error-handler.js:118:19)\n' +
    '    at getAnuncioById (file:///home/admin/edificio-admin/src/controllers/anuncios.controller.js:19:16)\n' +
    '    at Layer.handle [as handle_request] (/home/admin/edificio-admin/node_modules/express/lib/router/layer.js:95:5)\n' +
    '    at next (/home/admin/edificio-admin/node_modules/express/lib/router/route.js:149:13)\n' +
    '    at verifyToken (file:///home/admin/edificio-admin/src/middleware/auth.js:80:5)\n' +
    '    at Layer.handle [as handle_request] (/home/admin/edificio-admin/node_modules/express/lib/router/layer.js:95:5)\n' +
    '    at next (/home/admin/edificio-admin/node_modules/express/lib/router/route.js:149:13)\n' +
    '    at Route.dispatch (/home/admin/edificio-admin/node_modules/express/lib/router/route.js:119:3)\n' +
    '    at Layer.handle [as handle_request] (/home/admin/edificio-admin/node_modules/express/lib/router/layer.js:95:5)\n' +
    '    at /home/admin/edificio-admin/node_modules/express/lib/router/index.js:284:15',
  timestamp: '2025-10-30T22:22:22.194Z',
  name: 'CastError'
}
Error en getAnuncios: ID inválido
Error capturado: {
  message: 'ID inválido',
  stack: 'CastError: ID inválido\n' +
    '    at validateId (file:///home/admin/edificio-admin/src/middleware/error-handler.js:118:19)\n' +
    '    at getAnuncioById (file:///home/admin/edificio-admin/src/controllers/anuncios.controller.js:19:16)\n' +
    '    at Layer.handle [as handle_request] (/home/admin/edificio-admin/node_modules/express/lib/router/layer.js:95:5)\n' +
    '    at next (/home/admin/edificio-admin/node_modules/express/lib/router/route.js:149:13)\n' +
    '    at verifyToken (file:///home/admin/edificio-admin/src/middleware/auth.js:80:5)\n' +
    '    at Layer.handle [as handle_request] (/home/admin/edificio-admin/node_modules/express/lib/router/layer.js:95:5)\n' +
    '    at next (/home/admin/edificio-admin/node_modules/express/lib/router/route.js:149:13)\n' +
    '    at Route.dispatch (/home/admin/edificio-admin/node_modules/express/lib/router/route.js:119:3)\n' +
    '    at Layer.handle [as handle_request] (/home/admin/edificio-admin/node_modules/express/lib/router/layer.js:95:5)\n' +
    '    at /home/admin/edificio-admin/node_modules/express/lib/router/index.js:284:15',
  timestamp: '2025-10-30T22:22:53.754Z',
  name: 'CastError'
}
Error en getAnuncios: ID inválido
Error capturado: {
  message: 'ID inválido',
  stack: 'CastError: ID inválido\n' +
    '    at validateId (file:///home/admin/edificio-admin/src/middleware/error-handler.js:118:19)\n' +
    '    at getAnuncioById (file:///home/admin/edificio-admin/src/controllers/anuncios.controller.js:19:16)\n' +
    '    at Layer.handle [as handle_request] (/home/admin/edificio-admin/node_modules/express/lib/router/layer.js:95:5)\n' +
    '    at next (/home/admin/edificio-admin/node_modules/express/lib/router/route.js:149:13)\n' +
    '    at verifyToken (file:///home/admin/edificio-admin/src/middleware/auth.js:80:5)\n' +
    '    at Layer.handle [as handle_request] (/home/admin/edificio-admin/node_modules/express/lib/router/layer.js:95:5)\n' +
    '    at next (/home/admin/edificio-admin/node_modules/express/lib/router/route.js:149:13)\n' +
    '    at Route.dispatch (/home/admin/edificio-admin/node_modules/express/lib/router/route.js:119:3)\n' +
    '    at Layer.handle [as handle_request] (/home/admin/edificio-admin/node_modules/express/lib/router/layer.js:95:5)\n' +
    '    at /home/admin/edificio-admin/node_modules/express/lib/router/index.js:284:15',
  timestamp: '2025-10-31T00:57:29.691Z',
  name: 'CastError'
}
Error en getAnuncios: ID inválido
Error capturado: {
  message: 'ID inválido',
  stack: 'CastError: ID inválido\n' +
    '    at validateId (file:///home/admin/edificio-admin/src/middleware/error-handler.js:118:19)\n' +
    '    at getAnuncioById (file:///home/admin/edificio-admin/src/controllers/anuncios.controller.js:19:16)\n' +
    '    at Layer.handle [as handle_request] (/home/admin/edificio-admin/node_modules/express/lib/router/layer.js:95:5)\n' +
    '    at next (/home/admin/edificio-admin/node_modules/express/lib/router/route.js:149:13)\n' +
    '    at verifyToken (file:///home/admin/edificio-admin/src/middleware/auth.js:80:5)\n' +
    '    at Layer.handle [as handle_request] (/home/admin/edificio-admin/node_modules/express/lib/router/layer.js:95:5)\n' +
    '    at next (/home/admin/edificio-admin/node_modules/express/lib/router/route.js:149:13)\n' +
    '    at Route.dispatch (/home/admin/edificio-admin/node_modules/express/lib/router/route.js:119:3)\n' +
    '    at Layer.handle [as handle_request] (/home/admin/edificio-admin/node_modules/express/lib/router/layer.js:95:5)\n' +
    '    at /home/admin/edificio-admin/node_modules/express/lib/router/index.js:284:15',
  timestamp: '2025-10-31T00:57:31.451Z',
  name: 'CastError'
}
Error en getAnuncios: ID inválido
Error capturado: {
  message: 'ID inválido',
  stack: 'CastError: ID inválido\n' +
    '    at validateId (file:///home/admin/edificio-admin/src/middleware/error-handler.js:118:19)\n' +
    '    at getAnuncioById (file:///home/admin/edificio-admin/src/controllers/anuncios.controller.js:19:16)\n' +
    '    at Layer.handle [as handle_request] (/home/admin/edificio-admin/node_modules/express/lib/router/layer.js:95:5)\n' +
    '    at next (/home/admin/edificio-admin/node_modules/express/lib/router/route.js:149:13)\n' +
    '    at verifyToken (file:///home/admin/edificio-admin/src/middleware/auth.js:80:5)\n' +
    '    at Layer.handle [as handle_request] (/home/admin/edificio-admin/node_modules/express/lib/router/layer.js:95:5)\n' +
    '    at next (/home/admin/edificio-admin/node_modules/express/lib/router/route.js:149:13)\n' +
    '    at Route.dispatch (/home/admin/edificio-admin/node_modules/express/lib/router/route.js:119:3)\n' +
    '    at Layer.handle [as handle_request] (/home/admin/edificio-admin/node_modules/express/lib/router/layer.js:95:5)\n' +
    '    at /home/admin/edificio-admin/node_modules/express/lib/router/index.js:284:15',
  timestamp: '2025-10-31T02:47:20.700Z',
  name: 'CastError'
}
Error en getAnuncios: ID inválido
Error capturado: {
  message: 'ID inválido',
  stack: 'CastError: ID inválido\n' +
    '    at validateId (file:///home/admin/edificio-admin/src/middleware/error-handler.js:118:19)\n' +
    '    at getAnuncioById (file:///home/admin/edificio-admin/src/controllers/anuncios.controller.js:19:16)\n' +
    '    at Layer.handle [as handle_request] (/home/admin/edificio-admin/node_modules/express/lib/router/layer.js:95:5)\n' +
    '    at next (/home/admin/edificio-admin/node_modules/express/lib/router/route.js:149:13)\n' +
    '    at verifyToken (file:///home/admin/edificio-admin/src/middleware/auth.js:80:5)\n' +
    '    at Layer.handle [as handle_request] (/home/admin/edificio-admin/node_modules/express/lib/router/layer.js:95:5)\n' +
    '    at next (/home/admin/edificio-admin/node_modules/express/lib/router/route.js:149:13)\n' +
    '    at Route.dispatch (/home/admin/edificio-admin/node_modules/express/lib/router/route.js:119:3)\n' +
    '    at Layer.handle [as handle_request] (/home/admin/edificio-admin/node_modules/express/lib/router/layer.js:95:5)\n' +
    '    at /home/admin/edificio-admin/node_modules/express/lib/router/index.js:284:15',
  timestamp: '2025-10-31T03:31:45.650Z',
  name: 'CastError'
}
Error en getAnuncios: ID inválido
Error capturado: {
  message: 'ID inválido',
  stack: 'CastError: ID inválido\n' +
    '    at validateId (file:///home/admin/edificio-admin/src/middleware/error-handler.js:118:19)\n' +
    '    at getAnuncioById (file:///home/admin/edificio-admin/src/controllers/anuncios.controller.js:19:16)\n' +
    '    at Layer.handle [as handle_request] (/home/admin/edificio-admin/node_modules/express/lib/router/layer.js:95:5)\n' +
    '    at next (/home/admin/edificio-admin/node_modules/express/lib/router/route.js:149:13)\n' +
    '    at verifyToken (file:///home/admin/edificio-admin/src/middleware/auth.js:80:5)\n' +
    '    at Layer.handle [as handle_request] (/home/admin/edificio-admin/node_modules/express/lib/router/layer.js:95:5)\n' +
    '    at next (/home/admin/edificio-admin/node_modules/express/lib/router/route.js:149:13)\n' +
    '    at Route.dispatch (/home/admin/edificio-admin/node_modules/express/lib/router/route.js:119:3)\n' +
    '    at Layer.handle [as handle_request] (/home/admin/edificio-admin/node_modules/express/lib/router/layer.js:95:5)\n' +
    '    at /home/admin/edificio-admin/node_modules/express/lib/router/index.js:284:15',
  timestamp: '2025-10-31T03:51:51.035Z',
  name: 'CastError'
}
Error en getAnuncios: ID inválido
Terminated
