Error: listen EADDRINUSE: address already in use :::3002
    at Server.setupListenHandle [as _listen2] (node:net:1902:16)
    at listenInCluster (node:net:1959:12)
    at Server.listen (node:net:2061:7)
    at Function.listen (/home/admin/edificio-admin/node_modules/express/lib/application.js:635:24)
    at file:///home/admin/edificio-admin/src/app.js:77:5
    at ModuleJob.run (node:internal/modules/esm/module_job:263:25)
    at async ModuleLoader.import (node:internal/modules/esm/loader:540:24) {
  code: 'EADDRINUSE',
  errno: -98,
  syscall: 'listen',
  address: '::',
  port: 3002
}
Error: listen EADDRINUSE: address already in use :::3002
    at Server.setupListenHandle [as _listen2] (node:net:1902:16)
    at listenInCluster (node:net:1959:12)
    at Server.listen (node:net:2061:7)
    at Function.listen (/home/admin/edificio-admin/node_modules/express/lib/application.js:635:24)
    at file:///home/admin/edificio-admin/src/app.js:77:5
    at ModuleJob.run (node:internal/modules/esm/module_job:263:25)
    at async ModuleLoader.import (node:internal/modules/esm/loader:540:24) {
  code: 'EADDRINUSE',
  errno: -98,
  syscall: 'listen',
  address: '::',
  port: 3002
}
Error: listen EADDRINUSE: address already in use :::3002
    at Server.setupListenHandle [as _listen2] (node:net:1902:16)
    at listenInCluster (node:net:1959:12)
    at Server.listen (node:net:2061:7)
    at Function.listen (/home/admin/edificio-admin/node_modules/express/lib/application.js:635:24)
    at file:///home/admin/edificio-admin/src/app.js:77:5
    at ModuleJob.run (node:internal/modules/esm/module_job:263:25)
    at async ModuleLoader.import (node:internal/modules/esm/loader:540:24) {
  code: 'EADDRINUSE',
  errno: -98,
  syscall: 'listen',
  address: '::',
  port: 3002
}
Error: listen EADDRINUSE: address already in use :::3002
    at Server.setupListenHandle [as _listen2] (node:net:1902:16)
    at listenInCluster (node:net:1959:12)
    at Server.listen (node:net:2061:7)
    at Function.listen (/home/admin/edificio-admin/node_modules/express/lib/application.js:635:24)
    at file:///home/admin/edificio-admin/src/app.js:77:5
    at ModuleJob.run (node:internal/modules/esm/module_job:263:25)
    at async ModuleLoader.import (node:internal/modules/esm/loader:540:24) {
  code: 'EADDRINUSE',
  errno: -98,
  syscall: 'listen',
  address: '::',
  port: 3002
}
Error: listen EADDRINUSE: address already in use :::3002
    at Server.setupListenHandle [as _listen2] (node:net:1902:16)
    at listenInCluster (node:net:1959:12)
    at Server.listen (node:net:2061:7)
    at Function.listen (/home/admin/edificio-admin/node_modules/express/lib/application.js:635:24)
    at file:///home/admin/edificio-admin/src/app.js:77:5
    at ModuleJob.run (node:internal/modules/esm/module_job:263:25)
    at async ModuleLoader.import (node:internal/modules/esm/loader:540:24) {
  code: 'EADDRINUSE',
  errno: -98,
  syscall: 'listen',
  address: '::',
  port: 3002
}
Error: listen EADDRINUSE: address already in use :::3002
    at Server.setupListenHandle [as _listen2] (node:net:1902:16)
    at listenInCluster (node:net:1959:12)
    at Server.listen (node:net:2061:7)
    at Function.listen (/home/admin/edificio-admin/node_modules/express/lib/application.js:635:24)
    at file:///home/admin/edificio-admin/src/app.js:77:5
    at ModuleJob.run (node:internal/modules/esm/module_job:263:25)
    at async ModuleLoader.import (node:internal/modules/esm/loader:540:24) {
  code: 'EADDRINUSE',
  errno: -98,
  syscall: 'listen',
  address: '::',
  port: 3002
}
Error: listen EADDRINUSE: address already in use :::3002
    at Server.setupListenHandle [as _listen2] (node:net:1902:16)
    at listenInCluster (node:net:1959:12)
    at Server.listen (node:net:2061:7)
    at Function.listen (/home/admin/edificio-admin/node_modules/express/lib/application.js:635:24)
    at file:///home/admin/edificio-admin/src/app.js:77:5
    at ModuleJob.run (node:internal/modules/esm/module_job:263:25)
    at async ModuleLoader.import (node:internal/modules/esm/loader:540:24) {
  code: 'EADDRINUSE',
  errno: -98,
  syscall: 'listen',
  address: '::',
  port: 3002
}
Error: listen EADDRINUSE: address already in use :::3002
    at Server.setupListenHandle [as _listen2] (node:net:1902:16)
    at listenInCluster (node:net:1959:12)
    at Server.listen (node:net:2061:7)
    at Function.listen (/home/admin/edificio-admin/node_modules/express/lib/application.js:635:24)
    at file:///home/admin/edificio-admin/src/app.js:77:5
    at ModuleJob.run (node:internal/modules/esm/module_job:263:25)
    at async ModuleLoader.import (node:internal/modules/esm/loader:540:24) {
  code: 'EADDRINUSE',
  errno: -98,
  syscall: 'listen',
  address: '::',
  port: 3002
}
Error: listen EADDRINUSE: address already in use :::3002
    at Server.setupListenHandle [as _listen2] (node:net:1902:16)
    at listenInCluster (node:net:1959:12)
    at Server.listen (node:net:2061:7)
    at Function.listen (/home/admin/edificio-admin/node_modules/express/lib/application.js:635:24)
    at file:///home/admin/edificio-admin/src/app.js:77:5
    at ModuleJob.run (node:internal/modules/esm/module_job:263:25)
    at async ModuleLoader.import (node:internal/modules/esm/loader:540:24) {
  code: 'EADDRINUSE',
  errno: -98,
  syscall: 'listen',
  address: '::',
  port: 3002
}
Error: listen EADDRINUSE: address already in use :::3002
    at Server.setupListenHandle [as _listen2] (node:net:1902:16)
    at listenInCluster (node:net:1959:12)
    at Server.listen (node:net:2061:7)
    at Function.listen (/home/admin/edificio-admin/node_modules/express/lib/application.js:635:24)
    at file:///home/admin/edificio-admin/src/app.js:77:5
    at ModuleJob.run (node:internal/modules/esm/module_job:263:25)
    at async ModuleLoader.import (node:internal/modules/esm/loader:540:24) {
  code: 'EADDRINUSE',
  errno: -98,
  syscall: 'listen',
  address: '::',
  port: 3002
}
Error: listen EADDRINUSE: address already in use :::3002
    at Server.setupListenHandle [as _listen2] (node:net:1902:16)
    at listenInCluster (node:net:1959:12)
    at Server.listen (node:net:2061:7)
    at Function.listen (/home/admin/edificio-admin/node_modules/express/lib/application.js:635:24)
    at file:///home/admin/edificio-admin/src/app.js:77:5
    at ModuleJob.run (node:internal/modules/esm/module_job:263:25)
    at async ModuleLoader.import (node:internal/modules/esm/loader:540:24) {
  code: 'EADDRINUSE',
  errno: -98,
  syscall: 'listen',
  address: '::',
  port: 3002
}
Error: listen EADDRINUSE: address already in use :::3002
    at Server.setupListenHandle [as _listen2] (node:net:1902:16)
    at listenInCluster (node:net:1959:12)
    at Server.listen (node:net:2061:7)
    at Function.listen (/home/admin/edificio-admin/node_modules/express/lib/application.js:635:24)
    at file:///home/admin/edificio-admin/src/app.js:77:5
    at ModuleJob.run (node:internal/modules/esm/module_job:263:25)
    at async ModuleLoader.import (node:internal/modules/esm/loader:540:24) {
  code: 'EADDRINUSE',
  errno: -98,
  syscall: 'listen',
  address: '::',
  port: 3002
}
Error: listen EADDRINUSE: address already in use :::3002
    at Server.setupListenHandle [as _listen2] (node:net:1902:16)
    at listenInCluster (node:net:1959:12)
    at Server.listen (node:net:2061:7)
    at Function.listen (/home/admin/edificio-admin/node_modules/express/lib/application.js:635:24)
    at file:///home/admin/edificio-admin/src/app.js:77:5
    at ModuleJob.run (node:internal/modules/esm/module_job:263:25)
    at async ModuleLoader.import (node:internal/modules/esm/loader:540:24) {
  code: 'EADDRINUSE',
  errno: -98,
  syscall: 'listen',
  address: '::',
  port: 3002
}
Error: listen EADDRINUSE: address already in use :::3002
    at Server.setupListenHandle [as _listen2] (node:net:1902:16)
    at listenInCluster (node:net:1959:12)
    at Server.listen (node:net:2061:7)
    at Function.listen (/home/admin/edificio-admin/node_modules/express/lib/application.js:635:24)
    at file:///home/admin/edificio-admin/src/app.js:77:5
    at ModuleJob.run (node:internal/modules/esm/module_job:263:25)
    at async ModuleLoader.import (node:internal/modules/esm/loader:540:24) {
  code: 'EADDRINUSE',
  errno: -98,
  syscall: 'listen',
  address: '::',
  port: 3002
}
Error: listen EADDRINUSE: address already in use :::3002
    at Server.setupListenHandle [as _listen2] (node:net:1902:16)
    at listenInCluster (node:net:1959:12)
    at Server.listen (node:net:2061:7)
    at Function.listen (/home/admin/edificio-admin/node_modules/express/lib/application.js:635:24)
    at file:///home/admin/edificio-admin/src/app.js:77:5
    at ModuleJob.run (node:internal/modules/esm/module_job:263:25)
    at async ModuleLoader.import (node:internal/modules/esm/loader:540:24) {
  code: 'EADDRINUSE',
  errno: -98,
  syscall: 'listen',
  address: '::',
  port: 3002
}
Error: listen EADDRINUSE: address already in use :::3002
    at Server.setupListenHandle [as _listen2] (node:net:1902:16)
    at listenInCluster (node:net:1959:12)
    at Server.listen (node:net:2061:7)
    at Function.listen (/home/admin/edificio-admin/node_modules/express/lib/application.js:635:24)
    at file:///home/admin/edificio-admin/src/app.js:77:5
    at ModuleJob.run (node:internal/modules/esm/module_job:263:25)
    at async ModuleLoader.import (node:internal/modules/esm/loader:540:24) {
  code: 'EADDRINUSE',
  errno: -98,
  syscall: 'listen',
  address: '::',
  port: 3002
}
Error capturado: {
  message: 'ID inválido',
  stack: 'CastError: ID inválido\n' +
    '    at validateId (file:///home/admin/edificio-admin/src/middleware/error-handler.js:118:19)\n' +
    '    at getAnuncioById (file:///home/admin/edificio-admin/src/controllers/anuncios.controller.js:21:16)\n' +
    '    at Layer.handle [as handle_request] (/home/admin/edificio-admin/node_modules/express/lib/router/layer.js:95:5)\n' +
    '    at next (/home/admin/edificio-admin/node_modules/express/lib/router/route.js:149:13)\n' +
    '    at verifyToken (file:///home/admin/edificio-admin/src/middleware/auth.js:80:5)\n' +
    '    at Layer.handle [as handle_request] (/home/admin/edificio-admin/node_modules/express/lib/router/layer.js:95:5)\n' +
    '    at next (/home/admin/edificio-admin/node_modules/express/lib/router/route.js:149:13)\n' +
    '    at Route.dispatch (/home/admin/edificio-admin/node_modules/express/lib/router/route.js:119:3)\n' +
    '    at Layer.handle [as handle_request] (/home/admin/edificio-admin/node_modules/express/lib/router/layer.js:95:5)\n' +
    '    at /home/admin/edificio-admin/node_modules/express/lib/router/index.js:284:15',
  timestamp: '2025-10-31T08:55:13.584Z',
  name: 'CastError'
}
Error en getAnuncios: ID inválido
Error capturado: {
  message: 'ID inválido',
  stack: 'CastError: ID inválido\n' +
    '    at validateId (file:///home/admin/edificio-admin/src/middleware/error-handler.js:118:19)\n' +
    '    at getAnuncioById (file:///home/admin/edificio-admin/src/controllers/anuncios.controller.js:21:16)\n' +
    '    at Layer.handle [as handle_request] (/home/admin/edificio-admin/node_modules/express/lib/router/layer.js:95:5)\n' +
    '    at next (/home/admin/edificio-admin/node_modules/express/lib/router/route.js:149:13)\n' +
    '    at verifyToken (file:///home/admin/edificio-admin/src/middleware/auth.js:80:5)\n' +
    '    at Layer.handle [as handle_request] (/home/admin/edificio-admin/node_modules/express/lib/router/layer.js:95:5)\n' +
    '    at next (/home/admin/edificio-admin/node_modules/express/lib/router/route.js:149:13)\n' +
    '    at Route.dispatch (/home/admin/edificio-admin/node_modules/express/lib/router/route.js:119:3)\n' +
    '    at Layer.handle [as handle_request] (/home/admin/edificio-admin/node_modules/express/lib/router/layer.js:95:5)\n' +
    '    at /home/admin/edificio-admin/node_modules/express/lib/router/index.js:284:15',
  timestamp: '2025-10-31T09:00:04.149Z',
  name: 'CastError'
}
Error en getAnuncios: ID inválido
Error capturado: {
  message: 'ID inválido',
  stack: 'CastError: ID inválido\n' +
    '    at validateId (file:///home/admin/edificio-admin/src/middleware/error-handler.js:118:19)\n' +
    '    at getAnuncioById (file:///home/admin/edificio-admin/src/controllers/anuncios.controller.js:21:16)\n' +
    '    at Layer.handle [as handle_request] (/home/admin/edificio-admin/node_modules/express/lib/router/layer.js:95:5)\n' +
    '    at next (/home/admin/edificio-admin/node_modules/express/lib/router/route.js:149:13)\n' +
    '    at verifyToken (file:///home/admin/edificio-admin/src/middleware/auth.js:80:5)\n' +
    '    at Layer.handle [as handle_request] (/home/admin/edificio-admin/node_modules/express/lib/router/layer.js:95:5)\n' +
    '    at next (/home/admin/edificio-admin/node_modules/express/lib/router/route.js:149:13)\n' +
    '    at Route.dispatch (/home/admin/edificio-admin/node_modules/express/lib/router/route.js:119:3)\n' +
    '    at Layer.handle [as handle_request] (/home/admin/edificio-admin/node_modules/express/lib/router/layer.js:95:5)\n' +
    '    at /home/admin/edificio-admin/node_modules/express/lib/router/index.js:284:15',
  timestamp: '2025-10-31T09:00:20.682Z',
  name: 'CastError'
}
Error en getAnuncios: ID inválido
Error capturado: {
  message: 'ID inválido',
  stack: 'CastError: ID inválido\n' +
    '    at validateId (file:///home/admin/edificio-admin/src/middleware/error-handler.js:118:19)\n' +
    '    at getAnuncioById (file:///home/admin/edificio-admin/src/controllers/anuncios.controller.js:21:16)\n' +
    '    at Layer.handle [as handle_request] (/home/admin/edificio-admin/node_modules/express/lib/router/layer.js:95:5)\n' +
    '    at next (/home/admin/edificio-admin/node_modules/express/lib/router/route.js:149:13)\n' +
    '    at verifyToken (file:///home/admin/edificio-admin/src/middleware/auth.js:80:5)\n' +
    '    at Layer.handle [as handle_request] (/home/admin/edificio-admin/node_modules/express/lib/router/layer.js:95:5)\n' +
    '    at next (/home/admin/edificio-admin/node_modules/express/lib/router/route.js:149:13)\n' +
    '    at Route.dispatch (/home/admin/edificio-admin/node_modules/express/lib/router/route.js:119:3)\n' +
    '    at Layer.handle [as handle_request] (/home/admin/edificio-admin/node_modules/express/lib/router/layer.js:95:5)\n' +
    '    at /home/admin/edificio-admin/node_modules/express/lib/router/index.js:284:15',
  timestamp: '2025-10-31T09:05:44.838Z',
  name: 'CastError'
}
Error en getAnuncios: ID inválido
Error capturado: {
  message: 'ID inválido',
  stack: 'CastError: ID inválido\n' +
    '    at validateId (file:///home/admin/edificio-admin/src/middleware/error-handler.js:118:19)\n' +
    '    at getAnuncioById (file:///home/admin/edificio-admin/src/controllers/anuncios.controller.js:21:16)\n' +
    '    at Layer.handle [as handle_request] (/home/admin/edificio-admin/node_modules/express/lib/router/layer.js:95:5)\n' +
    '    at next (/home/admin/edificio-admin/node_modules/express/lib/router/route.js:149:13)\n' +
    '    at verifyToken (file:///home/admin/edificio-admin/src/middleware/auth.js:80:5)\n' +
    '    at Layer.handle [as handle_request] (/home/admin/edificio-admin/node_modules/express/lib/router/layer.js:95:5)\n' +
    '    at next (/home/admin/edificio-admin/node_modules/express/lib/router/route.js:149:13)\n' +
    '    at Route.dispatch (/home/admin/edificio-admin/node_modules/express/lib/router/route.js:119:3)\n' +
    '    at Layer.handle [as handle_request] (/home/admin/edificio-admin/node_modules/express/lib/router/layer.js:95:5)\n' +
    '    at /home/admin/edificio-admin/node_modules/express/lib/router/index.js:284:15',
  timestamp: '2025-10-31T09:25:01.727Z',
  name: 'CastError'
}
Error en getAnuncios: ID inválido
Error capturado: {
  message: 'ID inválido',
  stack: 'CastError: ID inválido\n' +
    '    at validateId (file:///home/admin/edificio-admin/src/middleware/error-handler.js:118:19)\n' +
    '    at getAnuncioById (file:///home/admin/edificio-admin/src/controllers/anuncios.controller.js:21:16)\n' +
    '    at Layer.handle [as handle_request] (/home/admin/edificio-admin/node_modules/express/lib/router/layer.js:95:5)\n' +
    '    at next (/home/admin/edificio-admin/node_modules/express/lib/router/route.js:149:13)\n' +
    '    at verifyToken (file:///home/admin/edificio-admin/src/middleware/auth.js:80:5)\n' +
    '    at Layer.handle [as handle_request] (/home/admin/edificio-admin/node_modules/express/lib/router/layer.js:95:5)\n' +
    '    at next (/home/admin/edificio-admin/node_modules/express/lib/router/route.js:149:13)\n' +
    '    at Route.dispatch (/home/admin/edificio-admin/node_modules/express/lib/router/route.js:119:3)\n' +
    '    at Layer.handle [as handle_request] (/home/admin/edificio-admin/node_modules/express/lib/router/layer.js:95:5)\n' +
    '    at /home/admin/edificio-admin/node_modules/express/lib/router/index.js:284:15',
  timestamp: '2025-10-31T09:34:46.537Z',
  name: 'CastError'
}
Error en getAnuncios: ID inválido
Error capturado: {
  message: 'ID inválido',
  stack: 'CastError: ID inválido\n' +
    '    at validateId (file:///home/admin/edificio-admin/src/middleware/error-handler.js:118:19)\n' +
    '    at getAnuncioById (file:///home/admin/edificio-admin/src/controllers/anuncios.controller.js:21:16)\n' +
    '    at Layer.handle [as handle_request] (/home/admin/edificio-admin/node_modules/express/lib/router/layer.js:95:5)\n' +
    '    at next (/home/admin/edificio-admin/node_modules/express/lib/router/route.js:149:13)\n' +
    '    at verifyToken (file:///home/admin/edificio-admin/src/middleware/auth.js:80:5)\n' +
    '    at Layer.handle [as handle_request] (/home/admin/edificio-admin/node_modules/express/lib/router/layer.js:95:5)\n' +
    '    at next (/home/admin/edificio-admin/node_modules/express/lib/router/route.js:149:13)\n' +
    '    at Route.dispatch (/home/admin/edificio-admin/node_modules/express/lib/router/route.js:119:3)\n' +
    '    at Layer.handle [as handle_request] (/home/admin/edificio-admin/node_modules/express/lib/router/layer.js:95:5)\n' +
    '    at /home/admin/edificio-admin/node_modules/express/lib/router/index.js:284:15',
  timestamp: '2025-10-31T09:34:50.739Z',
  name: 'CastError'
}
Error en getAnuncios: ID inválido
Error capturado: {
  message: 'ID inválido',
  stack: 'CastError: ID inválido\n' +
    '    at validateId (file:///home/admin/edificio-admin/src/middleware/error-handler.js:118:19)\n' +
    '    at getAnuncioById (file:///home/admin/edificio-admin/src/controllers/anuncios.controller.js:21:16)\n' +
    '    at Layer.handle [as handle_request] (/home/admin/edificio-admin/node_modules/express/lib/router/layer.js:95:5)\n' +
    '    at next (/home/admin/edificio-admin/node_modules/express/lib/router/route.js:149:13)\n' +
    '    at verifyToken (file:///home/admin/edificio-admin/src/middleware/auth.js:80:5)\n' +
    '    at Layer.handle [as handle_request] (/home/admin/edificio-admin/node_modules/express/lib/router/layer.js:95:5)\n' +
    '    at next (/home/admin/edificio-admin/node_modules/express/lib/router/route.js:149:13)\n' +
    '    at Route.dispatch (/home/admin/edificio-admin/node_modules/express/lib/router/route.js:119:3)\n' +
    '    at Layer.handle [as handle_request] (/home/admin/edificio-admin/node_modules/express/lib/router/layer.js:95:5)\n' +
    '    at /home/admin/edificio-admin/node_modules/express/lib/router/index.js:284:15',
  timestamp: '2025-10-31T09:42:49.368Z',
  name: 'CastError'
}
Error en getAnuncios: ID inválido
Error capturado: {
  message: 'ID inválido',
  stack: 'CastError: ID inválido\n' +
    '    at validateId (file:///home/admin/edificio-admin/src/middleware/error-handler.js:118:19)\n' +
    '    at getAnuncioById (file:///home/admin/edificio-admin/src/controllers/anuncios.controller.js:21:16)\n' +
    '    at Layer.handle [as handle_request] (/home/admin/edificio-admin/node_modules/express/lib/router/layer.js:95:5)\n' +
    '    at next (/home/admin/edificio-admin/node_modules/express/lib/router/route.js:149:13)\n' +
    '    at verifyToken (file:///home/admin/edificio-admin/src/middleware/auth.js:80:5)\n' +
    '    at Layer.handle [as handle_request] (/home/admin/edificio-admin/node_modules/express/lib/router/layer.js:95:5)\n' +
    '    at next (/home/admin/edificio-admin/node_modules/express/lib/router/route.js:149:13)\n' +
    '    at Route.dispatch (/home/admin/edificio-admin/node_modules/express/lib/router/route.js:119:3)\n' +
    '    at Layer.handle [as handle_request] (/home/admin/edificio-admin/node_modules/express/lib/router/layer.js:95:5)\n' +
    '    at /home/admin/edificio-admin/node_modules/express/lib/router/index.js:284:15',
  timestamp: '2025-10-31T09:42:55.711Z',
  name: 'CastError'
}
Error en getAnuncios: ID inválido
Error capturado: {
  message: 'ID inválido',
  stack: 'CastError: ID inválido\n' +
    '    at validateId (file:///home/admin/edificio-admin/src/middleware/error-handler.js:118:19)\n' +
    '    at getAnuncioById (file:///home/admin/edificio-admin/src/controllers/anuncios.controller.js:21:16)\n' +
    '    at Layer.handle [as handle_request] (/home/admin/edificio-admin/node_modules/express/lib/router/layer.js:95:5)\n' +
    '    at next (/home/admin/edificio-admin/node_modules/express/lib/router/route.js:149:13)\n' +
    '    at verifyToken (file:///home/admin/edificio-admin/src/middleware/auth.js:80:5)\n' +
    '    at Layer.handle [as handle_request] (/home/admin/edificio-admin/node_modules/express/lib/router/layer.js:95:5)\n' +
    '    at next (/home/admin/edificio-admin/node_modules/express/lib/router/route.js:149:13)\n' +
    '    at Route.dispatch (/home/admin/edificio-admin/node_modules/express/lib/router/route.js:119:3)\n' +
    '    at Layer.handle [as handle_request] (/home/admin/edificio-admin/node_modules/express/lib/router/layer.js:95:5)\n' +
    '    at /home/admin/edificio-admin/node_modules/express/lib/router/index.js:284:15',
  timestamp: '2025-10-31T09:42:58.965Z',
  name: 'CastError'
}
Error en getAnuncios: ID inválido
Error [ERR_MODULE_NOT_FOUND]: Cannot find module '/home/admin/edificio-admin/src/controllers/authController.js' imported from /home/admin/edificio-admin/src/routes/auth.js
    at finalizeResolution (node:internal/modules/esm/resolve:283:11)
    at moduleResolve (node:internal/modules/esm/resolve:952:10)
    at defaultResolve (node:internal/modules/esm/resolve:1188:11)
    at ModuleLoader.defaultResolve (node:internal/modules/esm/loader:642:12)
    at #cachedDefaultResolve (node:internal/modules/esm/loader:591:25)
    at ModuleLoader.resolve (node:internal/modules/esm/loader:574:38)
    at ModuleLoader.getModuleJobForImport (node:internal/modules/esm/loader:236:38)
    at ModuleJob._link (node:internal/modules/esm/module_job:130:49) {
  code: 'ERR_MODULE_NOT_FOUND',
  url: 'file:///home/admin/edificio-admin/src/controllers/authController.js'
}
Error [ERR_MODULE_NOT_FOUND]: Cannot find module '/home/admin/edificio-admin/src/controllers/cuotasController.js' imported from /home/admin/edificio-admin/src/routes/cuotas.js
    at finalizeResolution (node:internal/modules/esm/resolve:283:11)
    at moduleResolve (node:internal/modules/esm/resolve:952:10)
    at defaultResolve (node:internal/modules/esm/resolve:1188:11)
    at ModuleLoader.defaultResolve (node:internal/modules/esm/loader:642:12)
    at #cachedDefaultResolve (node:internal/modules/esm/loader:591:25)
    at ModuleLoader.resolve (node:internal/modules/esm/loader:574:38)
    at ModuleLoader.getModuleJobForImport (node:internal/modules/esm/loader:236:38)
    at ModuleJob._link (node:internal/modules/esm/module_job:130:49) {
  code: 'ERR_MODULE_NOT_FOUND',
  url: 'file:///home/admin/edificio-admin/src/controllers/cuotasController.js'
}
Error [ERR_MODULE_NOT_FOUND]: Cannot find module '/home/admin/edificio-admin/src/controllers/presupuesto.controller.js' imported from /home/admin/edificio-admin/src/routes/presupuestos.js
    at finalizeResolution (node:internal/modules/esm/resolve:283:11)
    at moduleResolve (node:internal/modules/esm/resolve:952:10)
    at defaultResolve (node:internal/modules/esm/resolve:1188:11)
    at ModuleLoader.defaultResolve (node:internal/modules/esm/loader:642:12)
    at #cachedDefaultResolve (node:internal/modules/esm/loader:591:25)
    at ModuleLoader.resolve (node:internal/modules/esm/loader:574:38)
    at ModuleLoader.getModuleJobForImport (node:internal/modules/esm/loader:236:38)
    at ModuleJob._link (node:internal/modules/esm/module_job:130:49) {
  code: 'ERR_MODULE_NOT_FOUND',
  url: 'file:///home/admin/edificio-admin/src/controllers/presupuesto.controller.js'
}
file:///home/admin/edificio-admin/src/controllers/auth.controller.js:2
import { generarJWT } from '../middleware/auth.js';
         ^^^^^^^^^^
SyntaxError: The requested module '../middleware/auth.js' does not provide an export named 'generarJWT'
    at ModuleJob._instantiate (node:internal/modules/esm/module_job:175:21)
    at async ModuleJob.run (node:internal/modules/esm/module_job:258:5)
    at async ModuleLoader.import (node:internal/modules/esm/loader:540:24)
file:///home/admin/edificio-admin/src/routes/auth.js:2
import { login, getPerfil, cambiarPassword } from '../controllers/auth.controller.js';
                           ^^^^^^^^^^^^^^^
SyntaxError: The requested module '../controllers/auth.controller.js' does not provide an export named 'cambiarPassword'
    at ModuleJob._instantiate (node:internal/modules/esm/module_job:175:21)
    at async ModuleJob.run (node:internal/modules/esm/module_job:258:5)
    at async ModuleLoader.import (node:internal/modules/esm/loader:540:24)
file:///home/admin/edificio-admin/src/routes/cuotas.js:7
  actualizarEstado 
  ^^^^^^^^^^^^^^^^
SyntaxError: The requested module '../controllers/cuotas.controller.js' does not provide an export named 'actualizarEstado'
    at ModuleJob._instantiate (node:internal/modules/esm/module_job:175:21)
    at async ModuleJob.run (node:internal/modules/esm/module_job:258:5)
    at async ModuleLoader.import (node:internal/modules/esm/loader:540:24)
file:///home/admin/edificio-admin/src/routes/cuotas.js:5
  generarCuotasMensuales, 
  ^^^^^^^^^^^^^^^^^^^^^^
SyntaxError: The requested module '../controllers/cuotas.controller.js' does not provide an export named 'generarCuotasMensuales'
    at ModuleJob._instantiate (node:internal/modules/esm/module_job:175:21)
    at async ModuleJob.run (node:internal/modules/esm/module_job:258:5)
    at async ModuleLoader.import (node:internal/modules/esm/loader:540:24)
Error en login: {
  error: 'Usuario.getByEmail is not a function',
  stack: 'TypeError: Usuario.getByEmail is not a function\n' +
    '    at login (file:///home/admin/edificio-admin/src/controllers/auth.controller.js:25:35)\n' +
    '    at Layer.handle [as handle_request] (/home/admin/edificio-admin/node_modules/express/lib/router/layer.js:95:5)\n' +
    '    at next (/home/admin/edificio-admin/node_modules/express/lib/router/route.js:149:13)\n' +
    '    at Route.dispatch (/home/admin/edificio-admin/node_modules/express/lib/router/route.js:119:3)\n' +
    '    at Layer.handle [as handle_request] (/home/admin/edificio-admin/node_modules/express/lib/router/layer.js:95:5)\n' +
    '    at /home/admin/edificio-admin/node_modules/express/lib/router/index.js:284:15\n' +
    '    at Function.process_params (/home/admin/edificio-admin/node_modules/express/lib/router/index.js:346:12)\n' +
    '    at next (/home/admin/edificio-admin/node_modules/express/lib/router/index.js:280:10)\n' +
    '    at Function.handle (/home/admin/edificio-admin/node_modules/express/lib/router/index.js:175:3)\n' +
    '    at router (/home/admin/edificio-admin/node_modules/express/lib/router/index.js:47:12)',
  email: 'admin@edificio205.com'
}
Error en login: {
  error: 'Usuario.getByEmail is not a function',
  stack: 'TypeError: Usuario.getByEmail is not a function\n' +
    '    at login (file:///home/admin/edificio-admin/src/controllers/auth.controller.js:25:35)\n' +
    '    at Layer.handle [as handle_request] (/home/admin/edificio-admin/node_modules/express/lib/router/layer.js:95:5)\n' +
    '    at next (/home/admin/edificio-admin/node_modules/express/lib/router/route.js:149:13)\n' +
    '    at Route.dispatch (/home/admin/edificio-admin/node_modules/express/lib/router/route.js:119:3)\n' +
    '    at Layer.handle [as handle_request] (/home/admin/edificio-admin/node_modules/express/lib/router/layer.js:95:5)\n' +
    '    at /home/admin/edificio-admin/node_modules/express/lib/router/index.js:284:15\n' +
    '    at Function.process_params (/home/admin/edificio-admin/node_modules/express/lib/router/index.js:346:12)\n' +
    '    at next (/home/admin/edificio-admin/node_modules/express/lib/router/index.js:280:10)\n' +
    '    at Function.handle (/home/admin/edificio-admin/node_modules/express/lib/router/index.js:175:3)\n' +
    '    at router (/home/admin/edificio-admin/node_modules/express/lib/router/index.js:47:12)',
  email: 'admin@edificio205.com'
}
Error en login: {
  error: 'Usuario.getByEmail is not a function',
  stack: 'TypeError: Usuario.getByEmail is not a function\n' +
    '    at login (file:///home/admin/edificio-admin/src/controllers/auth.controller.js:25:35)\n' +
    '    at Layer.handle [as handle_request] (/home/admin/edificio-admin/node_modules/express/lib/router/layer.js:95:5)\n' +
    '    at next (/home/admin/edificio-admin/node_modules/express/lib/router/route.js:149:13)\n' +
    '    at Route.dispatch (/home/admin/edificio-admin/node_modules/express/lib/router/route.js:119:3)\n' +
    '    at Layer.handle [as handle_request] (/home/admin/edificio-admin/node_modules/express/lib/router/layer.js:95:5)\n' +
    '    at /home/admin/edificio-admin/node_modules/express/lib/router/index.js:284:15\n' +
    '    at Function.process_params (/home/admin/edificio-admin/node_modules/express/lib/router/index.js:346:12)\n' +
    '    at next (/home/admin/edificio-admin/node_modules/express/lib/router/index.js:280:10)\n' +
    '    at Function.handle (/home/admin/edificio-admin/node_modules/express/lib/router/index.js:175:3)\n' +
    '    at router (/home/admin/edificio-admin/node_modules/express/lib/router/index.js:47:12)',
  email: 'admin@edificio205.com'
}
Error en login: {
  error: 'Usuario.getByEmail is not a function',
  stack: 'TypeError: Usuario.getByEmail is not a function\n' +
    '    at login (file:///home/admin/edificio-admin/src/controllers/auth.controller.js:25:35)\n' +
    '    at Layer.handle [as handle_request] (/home/admin/edificio-admin/node_modules/express/lib/router/layer.js:95:5)\n' +
    '    at next (/home/admin/edificio-admin/node_modules/express/lib/router/route.js:149:13)\n' +
    '    at Route.dispatch (/home/admin/edificio-admin/node_modules/express/lib/router/route.js:119:3)\n' +
    '    at Layer.handle [as handle_request] (/home/admin/edificio-admin/node_modules/express/lib/router/layer.js:95:5)\n' +
    '    at /home/admin/edificio-admin/node_modules/express/lib/router/index.js:284:15\n' +
    '    at Function.process_params (/home/admin/edificio-admin/node_modules/express/lib/router/index.js:346:12)\n' +
    '    at next (/home/admin/edificio-admin/node_modules/express/lib/router/index.js:280:10)\n' +
    '    at Function.handle (/home/admin/edificio-admin/node_modules/express/lib/router/index.js:175:3)\n' +
    '    at router (/home/admin/edificio-admin/node_modules/express/lib/router/index.js:47:12)',
  email: 'admin@edificio205.com'
}
Error en login: {
  error: 'Usuario.getByEmail is not a function',
  stack: 'TypeError: Usuario.getByEmail is not a function\n' +
    '    at login (file:///home/admin/edificio-admin/src/controllers/auth.controller.js:25:35)\n' +
    '    at Layer.handle [as handle_request] (/home/admin/edificio-admin/node_modules/express/lib/router/layer.js:95:5)\n' +
    '    at next (/home/admin/edificio-admin/node_modules/express/lib/router/route.js:149:13)\n' +
    '    at Route.dispatch (/home/admin/edificio-admin/node_modules/express/lib/router/route.js:119:3)\n' +
    '    at Layer.handle [as handle_request] (/home/admin/edificio-admin/node_modules/express/lib/router/layer.js:95:5)\n' +
    '    at /home/admin/edificio-admin/node_modules/express/lib/router/index.js:284:15\n' +
    '    at Function.process_params (/home/admin/edificio-admin/node_modules/express/lib/router/index.js:346:12)\n' +
    '    at next (/home/admin/edificio-admin/node_modules/express/lib/router/index.js:280:10)\n' +
    '    at Function.handle (/home/admin/edificio-admin/node_modules/express/lib/router/index.js:175:3)\n' +
    '    at router (/home/admin/edificio-admin/node_modules/express/lib/router/index.js:47:12)',
  email: 'admin@edificio205.com'
}
Error en login: {
  error: 'Usuario.getByEmail is not a function',
  stack: 'TypeError: Usuario.getByEmail is not a function\n' +
    '    at login (file:///home/admin/edificio-admin/src/controllers/auth.controller.js:25:35)\n' +
    '    at Layer.handle [as handle_request] (/home/admin/edificio-admin/node_modules/express/lib/router/layer.js:95:5)\n' +
    '    at next (/home/admin/edificio-admin/node_modules/express/lib/router/route.js:149:13)\n' +
    '    at Route.dispatch (/home/admin/edificio-admin/node_modules/express/lib/router/route.js:119:3)\n' +
    '    at Layer.handle [as handle_request] (/home/admin/edificio-admin/node_modules/express/lib/router/layer.js:95:5)\n' +
    '    at /home/admin/edificio-admin/node_modules/express/lib/router/index.js:284:15\n' +
    '    at Function.process_params (/home/admin/edificio-admin/node_modules/express/lib/router/index.js:346:12)\n' +
    '    at next (/home/admin/edificio-admin/node_modules/express/lib/router/index.js:280:10)\n' +
    '    at Function.handle (/home/admin/edificio-admin/node_modules/express/lib/router/index.js:175:3)\n' +
    '    at router (/home/admin/edificio-admin/node_modules/express/lib/router/index.js:47:12)',
  email: 'admin@edificio205.com'
}
Error en login: {
  error: 'Usuario.getByEmail is not a function',
  stack: 'TypeError: Usuario.getByEmail is not a function\n' +
    '    at login (file:///home/admin/edificio-admin/src/controllers/auth.controller.js:25:35)\n' +
    '    at Layer.handle [as handle_request] (/home/admin/edificio-admin/node_modules/express/lib/router/layer.js:95:5)\n' +
    '    at next (/home/admin/edificio-admin/node_modules/express/lib/router/route.js:149:13)\n' +
    '    at Route.dispatch (/home/admin/edificio-admin/node_modules/express/lib/router/route.js:119:3)\n' +
    '    at Layer.handle [as handle_request] (/home/admin/edificio-admin/node_modules/express/lib/router/layer.js:95:5)\n' +
    '    at /home/admin/edificio-admin/node_modules/express/lib/router/index.js:284:15\n' +
    '    at Function.process_params (/home/admin/edificio-admin/node_modules/express/lib/router/index.js:346:12)\n' +
    '    at next (/home/admin/edificio-admin/node_modules/express/lib/router/index.js:280:10)\n' +
    '    at Function.handle (/home/admin/edificio-admin/node_modules/express/lib/router/index.js:175:3)\n' +
    '    at router (/home/admin/edificio-admin/node_modules/express/lib/router/index.js:47:12)',
  email: 'admin@edificio205.com'
}
Error en login: {
  error: 'Usuario.getByEmail is not a function',
  stack: 'TypeError: Usuario.getByEmail is not a function\n' +
    '    at login (file:///home/admin/edificio-admin/src/controllers/auth.controller.js:25:35)\n' +
    '    at Layer.handle [as handle_request] (/home/admin/edificio-admin/node_modules/express/lib/router/layer.js:95:5)\n' +
    '    at next (/home/admin/edificio-admin/node_modules/express/lib/router/route.js:149:13)\n' +
    '    at Route.dispatch (/home/admin/edificio-admin/node_modules/express/lib/router/route.js:119:3)\n' +
    '    at Layer.handle [as handle_request] (/home/admin/edificio-admin/node_modules/express/lib/router/layer.js:95:5)\n' +
    '    at /home/admin/edificio-admin/node_modules/express/lib/router/index.js:284:15\n' +
    '    at Function.process_params (/home/admin/edificio-admin/node_modules/express/lib/router/index.js:346:12)\n' +
    '    at next (/home/admin/edificio-admin/node_modules/express/lib/router/index.js:280:10)\n' +
    '    at Function.handle (/home/admin/edificio-admin/node_modules/express/lib/router/index.js:175:3)\n' +
    '    at router (/home/admin/edificio-admin/node_modules/express/lib/router/index.js:47:12)',
  email: 'admin@edificio205.com'
}
Error en login: {
  error: 'Usuario.getByEmail is not a function',
  stack: 'TypeError: Usuario.getByEmail is not a function\n' +
    '    at login (file:///home/admin/edificio-admin/src/controllers/auth.controller.js:25:35)\n' +
    '    at Layer.handle [as handle_request] (/home/admin/edificio-admin/node_modules/express/lib/router/layer.js:95:5)\n' +
    '    at next (/home/admin/edificio-admin/node_modules/express/lib/router/route.js:149:13)\n' +
    '    at Route.dispatch (/home/admin/edificio-admin/node_modules/express/lib/router/route.js:119:3)\n' +
    '    at Layer.handle [as handle_request] (/home/admin/edificio-admin/node_modules/express/lib/router/layer.js:95:5)\n' +
    '    at /home/admin/edificio-admin/node_modules/express/lib/router/index.js:284:15\n' +
    '    at Function.process_params (/home/admin/edificio-admin/node_modules/express/lib/router/index.js:346:12)\n' +
    '    at next (/home/admin/edificio-admin/node_modules/express/lib/router/index.js:280:10)\n' +
    '    at Function.handle (/home/admin/edificio-admin/node_modules/express/lib/router/index.js:175:3)\n' +
    '    at router (/home/admin/edificio-admin/node_modules/express/lib/router/index.js:47:12)',
  email: 'admin@edificio205.com'
}
Error en login: {
  error: 'Usuario.getByEmail is not a function',
  stack: 'TypeError: Usuario.getByEmail is not a function\n' +
    '    at login (file:///home/admin/edificio-admin/src/controllers/auth.controller.js:25:35)\n' +
    '    at Layer.handle [as handle_request] (/home/admin/edificio-admin/node_modules/express/lib/router/layer.js:95:5)\n' +
    '    at next (/home/admin/edificio-admin/node_modules/express/lib/router/route.js:149:13)\n' +
    '    at Route.dispatch (/home/admin/edificio-admin/node_modules/express/lib/router/route.js:119:3)\n' +
    '    at Layer.handle [as handle_request] (/home/admin/edificio-admin/node_modules/express/lib/router/layer.js:95:5)\n' +
    '    at /home/admin/edificio-admin/node_modules/express/lib/router/index.js:284:15\n' +
    '    at Function.process_params (/home/admin/edificio-admin/node_modules/express/lib/router/index.js:346:12)\n' +
    '    at next (/home/admin/edificio-admin/node_modules/express/lib/router/index.js:280:10)\n' +
    '    at Function.handle (/home/admin/edificio-admin/node_modules/express/lib/router/index.js:175:3)\n' +
    '    at router (/home/admin/edificio-admin/node_modules/express/lib/router/index.js:47:12)',
  email: 'admin@edificio205.com'
}
Error en login: {
  error: 'Usuario.getByEmail is not a function',
  stack: 'TypeError: Usuario.getByEmail is not a function\n' +
    '    at login (file:///home/admin/edificio-admin/src/controllers/auth.controller.js:25:35)\n' +
    '    at Layer.handle [as handle_request] (/home/admin/edificio-admin/node_modules/express/lib/router/layer.js:95:5)\n' +
    '    at next (/home/admin/edificio-admin/node_modules/express/lib/router/route.js:149:13)\n' +
    '    at Route.dispatch (/home/admin/edificio-admin/node_modules/express/lib/router/route.js:119:3)\n' +
    '    at Layer.handle [as handle_request] (/home/admin/edificio-admin/node_modules/express/lib/router/layer.js:95:5)\n' +
    '    at /home/admin/edificio-admin/node_modules/express/lib/router/index.js:284:15\n' +
    '    at Function.process_params (/home/admin/edificio-admin/node_modules/express/lib/router/index.js:346:12)\n' +
    '    at next (/home/admin/edificio-admin/node_modules/express/lib/router/index.js:280:10)\n' +
    '    at Function.handle (/home/admin/edificio-admin/node_modules/express/lib/router/index.js:175:3)\n' +
    '    at router (/home/admin/edificio-admin/node_modules/express/lib/router/index.js:47:12)',
  email: 'admin@edificio205.com'
}
Error en login: {
  error: 'Usuario.getByEmail is not a function',
  stack: 'TypeError: Usuario.getByEmail is not a function\n' +
    '    at login (file:///home/admin/edificio-admin/src/controllers/auth.controller.js:25:35)\n' +
    '    at Layer.handle [as handle_request] (/home/admin/edificio-admin/node_modules/express/lib/router/layer.js:95:5)\n' +
    '    at next (/home/admin/edificio-admin/node_modules/express/lib/router/route.js:149:13)\n' +
    '    at Route.dispatch (/home/admin/edificio-admin/node_modules/express/lib/router/route.js:119:3)\n' +
    '    at Layer.handle [as handle_request] (/home/admin/edificio-admin/node_modules/express/lib/router/layer.js:95:5)\n' +
    '    at /home/admin/edificio-admin/node_modules/express/lib/router/index.js:284:15\n' +
    '    at Function.process_params (/home/admin/edificio-admin/node_modules/express/lib/router/index.js:346:12)\n' +
    '    at next (/home/admin/edificio-admin/node_modules/express/lib/router/index.js:280:10)\n' +
    '    at Function.handle (/home/admin/edificio-admin/node_modules/express/lib/router/index.js:175:3)\n' +
    '    at router (/home/admin/edificio-admin/node_modules/express/lib/router/index.js:47:12)',
  email: 'admin@edificio205.com'
}
Error en login: {
  error: 'Usuario.getByEmail is not a function',
  stack: 'TypeError: Usuario.getByEmail is not a function\n' +
    '    at login (file:///home/admin/edificio-admin/src/controllers/auth.controller.js:25:35)\n' +
    '    at Layer.handle [as handle_request] (/home/admin/edificio-admin/node_modules/express/lib/router/layer.js:95:5)\n' +
    '    at next (/home/admin/edificio-admin/node_modules/express/lib/router/route.js:149:13)\n' +
    '    at Route.dispatch (/home/admin/edificio-admin/node_modules/express/lib/router/route.js:119:3)\n' +
    '    at Layer.handle [as handle_request] (/home/admin/edificio-admin/node_modules/express/lib/router/layer.js:95:5)\n' +
    '    at /home/admin/edificio-admin/node_modules/express/lib/router/index.js:284:15\n' +
    '    at Function.process_params (/home/admin/edificio-admin/node_modules/express/lib/router/index.js:346:12)\n' +
    '    at next (/home/admin/edificio-admin/node_modules/express/lib/router/index.js:280:10)\n' +
    '    at Function.handle (/home/admin/edificio-admin/node_modules/express/lib/router/index.js:175:3)\n' +
    '    at router (/home/admin/edificio-admin/node_modules/express/lib/router/index.js:47:12)',
  email: 'admin@edificio205.com'
}
Error en login: {
  error: 'Usuario.getByEmail is not a function',
  stack: 'TypeError: Usuario.getByEmail is not a function\n' +
    '    at login (file:///home/admin/edificio-admin/src/controllers/auth.controller.js:25:35)\n' +
    '    at Layer.handle [as handle_request] (/home/admin/edificio-admin/node_modules/express/lib/router/layer.js:95:5)\n' +
    '    at next (/home/admin/edificio-admin/node_modules/express/lib/router/route.js:149:13)\n' +
    '    at Route.dispatch (/home/admin/edificio-admin/node_modules/express/lib/router/route.js:119:3)\n' +
    '    at Layer.handle [as handle_request] (/home/admin/edificio-admin/node_modules/express/lib/router/layer.js:95:5)\n' +
    '    at /home/admin/edificio-admin/node_modules/express/lib/router/index.js:284:15\n' +
    '    at Function.process_params (/home/admin/edificio-admin/node_modules/express/lib/router/index.js:346:12)\n' +
    '    at next (/home/admin/edificio-admin/node_modules/express/lib/router/index.js:280:10)\n' +
    '    at Function.handle (/home/admin/edificio-admin/node_modules/express/lib/router/index.js:175:3)\n' +
    '    at router (/home/admin/edificio-admin/node_modules/express/lib/router/index.js:47:12)',
  email: 'admin@edificio205.com'
}
Error en login: {
  error: 'Usuario.getByEmail is not a function',
  stack: 'TypeError: Usuario.getByEmail is not a function\n' +
    '    at login (file:///home/admin/edificio-admin/src/controllers/auth.controller.js:25:35)\n' +
    '    at Layer.handle [as handle_request] (/home/admin/edificio-admin/node_modules/express/lib/router/layer.js:95:5)\n' +
    '    at next (/home/admin/edificio-admin/node_modules/express/lib/router/route.js:149:13)\n' +
    '    at Route.dispatch (/home/admin/edificio-admin/node_modules/express/lib/router/route.js:119:3)\n' +
    '    at Layer.handle [as handle_request] (/home/admin/edificio-admin/node_modules/express/lib/router/layer.js:95:5)\n' +
    '    at /home/admin/edificio-admin/node_modules/express/lib/router/index.js:284:15\n' +
    '    at Function.process_params (/home/admin/edificio-admin/node_modules/express/lib/router/index.js:346:12)\n' +
    '    at next (/home/admin/edificio-admin/node_modules/express/lib/router/index.js:280:10)\n' +
    '    at Function.handle (/home/admin/edificio-admin/node_modules/express/lib/router/index.js:175:3)\n' +
    '    at router (/home/admin/edificio-admin/node_modules/express/lib/router/index.js:47:12)',
  email: 'admin@edificio205.com'
}
Error en login: {
  error: 'Usuario.getByEmail is not a function',
  stack: 'TypeError: Usuario.getByEmail is not a function\n' +
    '    at login (file:///home/admin/edificio-admin/src/controllers/auth.controller.js:25:35)\n' +
    '    at Layer.handle [as handle_request] (/home/admin/edificio-admin/node_modules/express/lib/router/layer.js:95:5)\n' +
    '    at next (/home/admin/edificio-admin/node_modules/express/lib/router/route.js:149:13)\n' +
    '    at Route.dispatch (/home/admin/edificio-admin/node_modules/express/lib/router/route.js:119:3)\n' +
    '    at Layer.handle [as handle_request] (/home/admin/edificio-admin/node_modules/express/lib/router/layer.js:95:5)\n' +
    '    at /home/admin/edificio-admin/node_modules/express/lib/router/index.js:284:15\n' +
    '    at Function.process_params (/home/admin/edificio-admin/node_modules/express/lib/router/index.js:346:12)\n' +
    '    at next (/home/admin/edificio-admin/node_modules/express/lib/router/index.js:280:10)\n' +
    '    at Function.handle (/home/admin/edificio-admin/node_modules/express/lib/router/index.js:175:3)\n' +
    '    at router (/home/admin/edificio-admin/node_modules/express/lib/router/index.js:47:12)',
  email: 'admin@edificio205.com'
}
Error en login: {
  error: 'Usuario.getByEmail is not a function',
  stack: 'TypeError: Usuario.getByEmail is not a function\n' +
    '    at login (file:///home/admin/edificio-admin/src/controllers/auth.controller.js:25:35)\n' +
    '    at Layer.handle [as handle_request] (/home/admin/edificio-admin/node_modules/express/lib/router/layer.js:95:5)\n' +
    '    at next (/home/admin/edificio-admin/node_modules/express/lib/router/route.js:149:13)\n' +
    '    at Route.dispatch (/home/admin/edificio-admin/node_modules/express/lib/router/route.js:119:3)\n' +
    '    at Layer.handle [as handle_request] (/home/admin/edificio-admin/node_modules/express/lib/router/layer.js:95:5)\n' +
    '    at /home/admin/edificio-admin/node_modules/express/lib/router/index.js:284:15\n' +
    '    at Function.process_params (/home/admin/edificio-admin/node_modules/express/lib/router/index.js:346:12)\n' +
    '    at next (/home/admin/edificio-admin/node_modules/express/lib/router/index.js:280:10)\n' +
    '    at Function.handle (/home/admin/edificio-admin/node_modules/express/lib/router/index.js:175:3)\n' +
    '    at router (/home/admin/edificio-admin/node_modules/express/lib/router/index.js:47:12)',
  email: 'admin@edificio205.com'
}
Error en login: {
  error: 'Usuario.getByEmail is not a function',
  stack: 'TypeError: Usuario.getByEmail is not a function\n' +
    '    at login (file:///home/admin/edificio-admin/src/controllers/auth.controller.js:25:35)\n' +
    '    at Layer.handle [as handle_request] (/home/admin/edificio-admin/node_modules/express/lib/router/layer.js:95:5)\n' +
    '    at next (/home/admin/edificio-admin/node_modules/express/lib/router/route.js:149:13)\n' +
    '    at Route.dispatch (/home/admin/edificio-admin/node_modules/express/lib/router/route.js:119:3)\n' +
    '    at Layer.handle [as handle_request] (/home/admin/edificio-admin/node_modules/express/lib/router/layer.js:95:5)\n' +
    '    at /home/admin/edificio-admin/node_modules/express/lib/router/index.js:284:15\n' +
    '    at Function.process_params (/home/admin/edificio-admin/node_modules/express/lib/router/index.js:346:12)\n' +
    '    at next (/home/admin/edificio-admin/node_modules/express/lib/router/index.js:280:10)\n' +
    '    at Function.handle (/home/admin/edificio-admin/node_modules/express/lib/router/index.js:175:3)\n' +
    '    at router (/home/admin/edificio-admin/node_modules/express/lib/router/index.js:47:12)',
  email: 'admin@edificio205.com'
}
Error en login: {
  error: 'Usuario.getByEmail is not a function',
  stack: 'TypeError: Usuario.getByEmail is not a function\n' +
    '    at login (file:///home/admin/edificio-admin/src/controllers/auth.controller.js:25:35)\n' +
    '    at Layer.handle [as handle_request] (/home/admin/edificio-admin/node_modules/express/lib/router/layer.js:95:5)\n' +
    '    at next (/home/admin/edificio-admin/node_modules/express/lib/router/route.js:149:13)\n' +
    '    at Route.dispatch (/home/admin/edificio-admin/node_modules/express/lib/router/route.js:119:3)\n' +
    '    at Layer.handle [as handle_request] (/home/admin/edificio-admin/node_modules/express/lib/router/layer.js:95:5)\n' +
    '    at /home/admin/edificio-admin/node_modules/express/lib/router/index.js:284:15\n' +
    '    at Function.process_params (/home/admin/edificio-admin/node_modules/express/lib/router/index.js:346:12)\n' +
    '    at next (/home/admin/edificio-admin/node_modules/express/lib/router/index.js:280:10)\n' +
    '    at Function.handle (/home/admin/edificio-admin/node_modules/express/lib/router/index.js:175:3)\n' +
    '    at router (/home/admin/edificio-admin/node_modules/express/lib/router/index.js:47:12)',
  email: 'admin@edificio205.com'
}
Error en login: {
  error: 'Usuario.getByEmail is not a function',
  stack: 'TypeError: Usuario.getByEmail is not a function\n' +
    '    at login (file:///home/admin/edificio-admin/src/controllers/auth.controller.js:25:35)\n' +
    '    at Layer.handle [as handle_request] (/home/admin/edificio-admin/node_modules/express/lib/router/layer.js:95:5)\n' +
    '    at next (/home/admin/edificio-admin/node_modules/express/lib/router/route.js:149:13)\n' +
    '    at Route.dispatch (/home/admin/edificio-admin/node_modules/express/lib/router/route.js:119:3)\n' +
    '    at Layer.handle [as handle_request] (/home/admin/edificio-admin/node_modules/express/lib/router/layer.js:95:5)\n' +
    '    at /home/admin/edificio-admin/node_modules/express/lib/router/index.js:284:15\n' +
    '    at Function.process_params (/home/admin/edificio-admin/node_modules/express/lib/router/index.js:346:12)\n' +
    '    at next (/home/admin/edificio-admin/node_modules/express/lib/router/index.js:280:10)\n' +
    '    at Function.handle (/home/admin/edificio-admin/node_modules/express/lib/router/index.js:175:3)\n' +
    '    at router (/home/admin/edificio-admin/node_modules/express/lib/router/index.js:47:12)',
  email: 'admin@edificio205.com'
}
Error capturado: {
  message: 'Cuota.getAll is not a function',
  stack: 'TypeError: Cuota.getAll is not a function\n' +
    '    at getCuotas (file:///home/admin/edificio-admin/src/controllers/cuotas.controller.js:7:32)\n' +
    '    at Layer.handle [as handle_request] (/home/admin/edificio-admin/node_modules/express/lib/router/layer.js:95:5)\n' +
    '    at next (/home/admin/edificio-admin/node_modules/express/lib/router/route.js:149:13)\n' +
    '    at verifyToken (file:///home/admin/edificio-admin/src/middleware/auth.js:80:5)\n' +
    '    at Layer.handle [as handle_request] (/home/admin/edificio-admin/node_modules/express/lib/router/layer.js:95:5)\n' +
    '    at next (/home/admin/edificio-admin/node_modules/express/lib/router/route.js:149:13)\n' +
    '    at Route.dispatch (/home/admin/edificio-admin/node_modules/express/lib/router/route.js:119:3)\n' +
    '    at Layer.handle [as handle_request] (/home/admin/edificio-admin/node_modules/express/lib/router/layer.js:95:5)\n' +
    '    at /home/admin/edificio-admin/node_modules/express/lib/router/index.js:284:15\n' +
    '    at Function.process_params (/home/admin/edificio-admin/node_modules/express/lib/router/index.js:346:12)',
  timestamp: '2025-11-07T07:59:38.335Z',
  name: 'TypeError'
}
Error en getCuotas: Cuota.getAll is not a function
Error capturado: {
  message: 'Cuota.getAll is not a function',
  stack: 'TypeError: Cuota.getAll is not a function\n' +
    '    at getCuotas (file:///home/admin/edificio-admin/src/controllers/cuotas.controller.js:7:32)\n' +
    '    at Layer.handle [as handle_request] (/home/admin/edificio-admin/node_modules/express/lib/router/layer.js:95:5)\n' +
    '    at next (/home/admin/edificio-admin/node_modules/express/lib/router/route.js:149:13)\n' +
    '    at verifyToken (file:///home/admin/edificio-admin/src/middleware/auth.js:80:5)\n' +
    '    at Layer.handle [as handle_request] (/home/admin/edificio-admin/node_modules/express/lib/router/layer.js:95:5)\n' +
    '    at next (/home/admin/edificio-admin/node_modules/express/lib/router/route.js:149:13)\n' +
    '    at Route.dispatch (/home/admin/edificio-admin/node_modules/express/lib/router/route.js:119:3)\n' +
    '    at Layer.handle [as handle_request] (/home/admin/edificio-admin/node_modules/express/lib/router/layer.js:95:5)\n' +
    '    at /home/admin/edificio-admin/node_modules/express/lib/router/index.js:284:15\n' +
    '    at Function.process_params (/home/admin/edificio-admin/node_modules/express/lib/router/index.js:346:12)',
  timestamp: '2025-11-07T08:00:22.136Z',
  name: 'TypeError'
}
Error en getCuotas: Cuota.getAll is not a function
Error configurando respaldos automáticos: Error [ERR_MODULE_NOT_FOUND]: Cannot find module '/home/admin/edificio-admin-production/scripts/backupData.js' imported from /home/admin/edificio-admin-production/src/app.js
    at finalizeResolution (node:internal/modules/esm/resolve:283:11)
    at moduleResolve (node:internal/modules/esm/resolve:952:10)
    at defaultResolve (node:internal/modules/esm/resolve:1188:11)
    at ModuleLoader.defaultResolve (node:internal/modules/esm/loader:642:12)
    at #cachedDefaultResolve (node:internal/modules/esm/loader:591:25)
    at ModuleLoader.resolve (node:internal/modules/esm/loader:574:38)
    at ModuleLoader.getModuleJobForImport (node:internal/modules/esm/loader:236:38)
    at ModuleLoader.import (node:internal/modules/esm/loader:539:34)
    at defaultImportModuleDynamicallyForModule (node:internal/modules/esm/utils:215:31)
    at importModuleDynamicallyCallback (node:internal/modules/esm/utils:254:12) {
  code: 'ERR_MODULE_NOT_FOUND',
  url: 'file:///home/admin/edificio-admin-production/scripts/backupData.js'
}
Error configurando respaldos automáticos: ReferenceError: require is not defined in ES module scope, you can use import instead
This file is being treated as an ES module because it has a '.js' file extension and '/home/admin/edificio-admin-production/package.json' contains "type": "module". To treat it as a CommonJS script, rename it to use the '.cjs' file extension.
    at file:///home/admin/edificio-admin-production/scripts/backupData.js:4:12
    at ModuleJob.run (node:internal/modules/esm/module_job:263:25)
    at async ModuleLoader.import (node:internal/modules/esm/loader:540:24)
    at async programarRespaldos (file:///home/admin/edificio-admin-production/src/app.js:97:34)
    at async Server.<anonymous> (file:///home/admin/edificio-admin-production/src/app.js:126:3)
Error configurando respaldos automáticos: ReferenceError: require is not defined in ES module scope, you can use import instead
This file is being treated as an ES module because it has a '.js' file extension and '/home/admin/edificio-admin-production/package.json' contains "type": "module". To treat it as a CommonJS script, rename it to use the '.cjs' file extension.
    at file:///home/admin/edificio-admin-production/scripts/backupData.js:4:12
    at ModuleJob.run (node:internal/modules/esm/module_job:263:25)
    at async ModuleLoader.import (node:internal/modules/esm/loader:540:24)
    at async programarRespaldos (file:///home/admin/edificio-admin-production/src/app.js:97:34)
    at async Server.<anonymous> (file:///home/admin/edificio-admin-production/src/app.js:126:3)
Error configurando respaldos automáticos: ReferenceError: require is not defined in ES module scope, you can use import instead
This file is being treated as an ES module because it has a '.js' file extension and '/home/admin/edificio-admin-production/package.json' contains "type": "module". To treat it as a CommonJS script, rename it to use the '.cjs' file extension.
    at file:///home/admin/edificio-admin-production/scripts/backupData.js:4:12
    at ModuleJob.run (node:internal/modules/esm/module_job:263:25)
    at async ModuleLoader.import (node:internal/modules/esm/loader:540:24)
    at async programarRespaldos (file:///home/admin/edificio-admin-production/src/app.js:97:34)
    at async Server.<anonymous> (file:///home/admin/edificio-admin-production/src/app.js:126:3)
Error configurando respaldos automáticos: ReferenceError: require is not defined in ES module scope, you can use import instead
This file is being treated as an ES module because it has a '.js' file extension and '/home/admin/edificio-admin-production/package.json' contains "type": "module". To treat it as a CommonJS script, rename it to use the '.cjs' file extension.
    at file:///home/admin/edificio-admin-production/scripts/backupData.js:4:12
    at ModuleJob.run (node:internal/modules/esm/module_job:263:25)
    at async ModuleLoader.import (node:internal/modules/esm/loader:540:24)
    at async programarRespaldos (file:///home/admin/edificio-admin-production/src/app.js:97:34)
    at async Server.<anonymous> (file:///home/admin/edificio-admin-production/src/app.js:126:3)
Error configurando respaldos automáticos: ReferenceError: require is not defined in ES module scope, you can use import instead
This file is being treated as an ES module because it has a '.js' file extension and '/home/admin/edificio-admin-production/package.json' contains "type": "module". To treat it as a CommonJS script, rename it to use the '.cjs' file extension.
    at file:///home/admin/edificio-admin-production/scripts/backupData.js:4:12
    at ModuleJob.run (node:internal/modules/esm/module_job:263:25)
    at async ModuleLoader.import (node:internal/modules/esm/loader:540:24)
    at async programarRespaldos (file:///home/admin/edificio-admin-production/src/app.js:97:34)
    at async Server.<anonymous> (file:///home/admin/edificio-admin-production/src/app.js:126:3)
