{"timestamp":"2025-11-07T03:07:01.860Z","type":"AUTH_FAILED","userId":null,"userRole":null,"resource":"/","permission":null,"granted":false,"ip":"::1","userAgent":"curl/8.14.1"}
{"timestamp":"2025-11-07T03:07:19.441Z","type":"AUTH_FAILED","userId":null,"userRole":null,"resource":"/health","permission":null,"granted":false,"ip":"::1","userAgent":"curl/8.14.1"}
{"timestamp":"2025-11-07T03:21:55.455Z","type":"AUTH_FAILED","userId":null,"userRole":null,"resource":"/","permission":null,"granted":false,"ip":"::1","userAgent":"curl/8.14.1"}
{"timestamp":"2025-11-07T03:22:02.951Z","type":"AUTH_FAILED","userId":null,"userRole":null,"resource":"/","permission":null,"granted":false,"ip":"::1","userAgent":"curl/8.14.1"}
{"timestamp":"2025-11-07T03:22:29.482Z","type":"AUTH_FAILED","userId":null,"userRole":null,"resource":"/","permission":null,"granted":false,"ip":"::1","userAgent":"curl/8.14.1"}
{"timestamp":"2025-11-07T03:23:20.492Z","type":"AUTH_FAILED","userId":null,"userRole":null,"resource":"/","permission":null,"granted":false,"ip":"::1","userAgent":"curl/8.14.1"}
{"timestamp":"2025-11-07T03:23:48.980Z","type":"AUTH_FAILED","userId":null,"userRole":null,"resource":"/perfil","permission":null,"granted":false,"ip":"::1","userAgent":"curl/8.14.1"}
{"timestamp":"2025-11-07T06:05:58.027Z","type":"AUTH_FAILED","userId":null,"userRole":null,"resource":"/","permission":null,"granted":false,"ip":"::1","userAgent":"curl/8.14.1"}
{"timestamp":"2025-11-07T06:19:55.008Z","type":"AUTH_SUCCESS","userId":1,"userRole":"ADMIN","resource":"/renew","permission":null,"granted":true,"ip":"::1","userAgent":"curl/8.14.1"}
{"timestamp":"2025-11-07T07:46:57.941Z","type":"AUTH_SUCCESS","userId":1,"userRole":"ADMIN","resource":"/renew","permission":null,"granted":true,"ip":"::1","userAgent":"Mozilla/5.0 (Android 16; Mobile; rv:145.0) Gecko/145.0 Firefox/145.0"}
{"timestamp":"2025-11-07T07:55:43.496Z","type":"AUTH_SUCCESS","userId":1,"userRole":"ADMIN","resource":"/renew","permission":null,"granted":true,"ip":"::1","userAgent":"Mozilla/5.0 (Android 16; Mobile; rv:145.0) Gecko/145.0 Firefox/145.0"}
{"timestamp":"2025-11-07T07:59:32.273Z","type":"AUTH_SUCCESS","userId":1,"userRole":"ADMIN","resource":"/","permission":null,"granted":true,"ip":"::1","userAgent":"curl/8.14.1"}
{"timestamp":"2025-11-07T07:59:32.274Z","type":"PERMISSION_GRANTED","userId":1,"userRole":"ADMIN","resource":"/","permission":"usuarios","granted":true,"ip":"::1","userAgent":"curl/8.14.1"}
{"timestamp":"2025-11-07T07:59:38.335Z","type":"AUTH_SUCCESS","userId":3,"userRole":"INQUILINO","resource":"/","permission":null,"granted":true,"ip":"::1","userAgent":"curl/8.14.1"}
{"timestamp":"2025-11-07T08:00:22.136Z","type":"AUTH_SUCCESS","userId":3,"userRole":"INQUILINO","resource":"/","permission":null,"granted":true,"ip":"::1","userAgent":"curl/8.14.1"}
{"timestamp":"2025-11-07T08:03:59.528Z","type":"AUTH_FAILED","userId":null,"userRole":null,"resource":"/","permission":null,"granted":false,"ip":"::1","userAgent":"curl/8.14.1"}
{"timestamp":"2025-11-07T08:41:53.876Z","type":"AUTH_FAILED","userId":null,"userRole":null,"resource":"/","permission":null,"granted":false,"ip":"::1","userAgent":"curl/8.14.1"}
{"timestamp":"2025-11-07T08:45:12.447Z","type":"AUTH_SUCCESS","userId":1,"userRole":"ADMIN","resource":"/","permission":null,"granted":true,"ip":"::1","userAgent":"curl/8.14.1"}
{"timestamp":"2025-11-07T08:45:33.171Z","type":"AUTH_SUCCESS","userId":1,"userRole":"ADMIN","resource":"/","permission":null,"granted":true,"ip":"::1","userAgent":"curl/8.14.1"}
{"timestamp":"2025-11-07T08:45:33.172Z","type":"PERMISSION_GRANTED","userId":1,"userRole":"ADMIN","resource":"/","permission":"usuarios","granted":true,"ip":"::1","userAgent":"curl/8.14.1"}
{"timestamp":"2025-11-07T08:45:39.853Z","type":"AUTH_SUCCESS","userId":1,"userRole":"ADMIN","resource":"/","permission":null,"granted":true,"ip":"::1","userAgent":"curl/8.14.1"}
{"timestamp":"2025-11-07T08:45:46.615Z","type":"AUTH_SUCCESS","userId":1,"userRole":"ADMIN","resource":"/","permission":null,"granted":true,"ip":"::1","userAgent":"curl/8.14.1"}
{"timestamp":"2025-11-07T10:33:44.270Z","type":"AUTH_SUCCESS","userId":1,"userRole":"ADMIN","resource":"/renew","permission":null,"granted":true,"ip":"::1","userAgent":"Mozilla/5.0 (Android 16; Mobile; rv:145.0) Gecko/145.0 Firefox/145.0"}
{"timestamp":"2025-11-07T10:41:43.062Z","type":"AUTH_SUCCESS","userId":1,"userRole":"ADMIN","resource":"/renew","permission":null,"granted":true,"ip":"::1","userAgent":"Mozilla/5.0 (Android 16; Mobile; rv:145.0) Gecko/145.0 Firefox/145.0"}
